<?xml version="1.0" encoding="UTF-8" ?>
<testsuite tests="11" failures="0" name="com.sisyphuswxg.mybatis.UserTest" time="1.853" errors="1" skipped="0">
  <properties>
    <property name="idea.version" value="2021.2.3"/>
    <property name="java.runtime.name" value="Java(TM) SE Runtime Environment"/>
    <property name="sun.boot.library.path" value="/Library/Java/JavaVirtualMachines/jdk1.8.0_301.jdk/Contents/Home/jre/lib"/>
    <property name="java.vm.version" value="25.301-b09"/>
    <property name="gopherProxySet" value="false"/>
    <property name="java.vm.vendor" value="Oracle Corporation"/>
    <property name="maven.multiModuleProjectDirectory" value="/Users/wangxg/JavaCode/Java_SpringMVC_MyBatis_Learning/MyBatisDemo"/>
    <property name="java.vendor.url" value="http://java.oracle.com/"/>
    <property name="path.separator" value=":"/>
    <property name="guice.disable.misplaced.annotation.check" value="true"/>
    <property name="java.vm.name" value="Java HotSpot(TM) 64-Bit Server VM"/>
    <property name="file.encoding.pkg" value="sun.io"/>
    <property name="user.country" value="CN"/>
    <property name="sun.java.launcher" value="SUN_STANDARD"/>
    <property name="sun.os.patch.level" value="unknown"/>
    <property name="java.vm.specification.name" value="Java Virtual Machine Specification"/>
    <property name="user.dir" value="/Users/wangxg/JavaCode/Java_SpringMVC_MyBatis_Learning/MyBatisDemo"/>
    <property name="java.runtime.version" value="1.8.0_301-b09"/>
    <property name="java.awt.graphicsenv" value="sun.awt.CGraphicsEnvironment"/>
    <property name="java.endorsed.dirs" value="/Library/Java/JavaVirtualMachines/jdk1.8.0_301.jdk/Contents/Home/jre/lib/endorsed"/>
    <property name="os.arch" value="x86_64"/>
    <property name="java.io.tmpdir" value="/var/folders/lz/t2t7xdbn71315k9c9j38gnd80000gn/T/"/>
    <property name="line.separator" value="
"/>
    <property name="java.vm.specification.vendor" value="Oracle Corporation"/>
    <property name="os.name" value="Mac OS X"/>
    <property name="maven.ext.class.path" value="/Users/wangxg/Library/Application Support/JetBrains/Toolbox/apps/IDEA-U/ch-0/212.5457.46/IntelliJ IDEA.app/Contents/plugins/maven/lib/maven-event-listener.jar"/>
    <property name="classworlds.conf" value="/Users/wangxg/Library/Application Support/JetBrains/Toolbox/apps/IDEA-U/ch-0/212.5457.46/IntelliJ IDEA.app/Contents/plugins/maven/lib/maven3/bin/m2.conf"/>
    <property name="sun.jnu.encoding" value="UTF-8"/>
    <property name="java.library.path" value="/Users/wangxg/Library/Java/Extensions:/Library/Java/Extensions:/Network/Library/Java/Extensions:/System/Library/Java/Extensions:/usr/lib/java:."/>
    <property name="maven.conf" value="/Users/wangxg/Library/Application Support/JetBrains/Toolbox/apps/IDEA-U/ch-0/212.5457.46/IntelliJ IDEA.app/Contents/plugins/maven/lib/maven3/conf"/>
    <property name="java.specification.name" value="Java Platform API Specification"/>
    <property name="java.class.version" value="52.0"/>
    <property name="sun.management.compiler" value="HotSpot 64-Bit Tiered Compilers"/>
    <property name="os.version" value="10.16"/>
    <property name="user.home" value="/Users/wangxg"/>
    <property name="user.timezone" value="Asia/Shanghai"/>
    <property name="java.awt.printerjob" value="sun.lwawt.macosx.CPrinterJob"/>
    <property name="java.specification.version" value="1.8"/>
    <property name="file.encoding" value="UTF-8"/>
    <property name="user.name" value="wangxg"/>
    <property name="java.class.path" value="/Users/wangxg/Library/Application Support/JetBrains/Toolbox/apps/IDEA-U/ch-0/212.5457.46/IntelliJ IDEA.app/Contents/plugins/maven/lib/maven3/boot/plexus-classworlds.license:/Users/wangxg/Library/Application Support/JetBrains/Toolbox/apps/IDEA-U/ch-0/212.5457.46/IntelliJ IDEA.app/Contents/plugins/maven/lib/maven3/boot/plexus-classworlds-2.6.0.jar:/Users/wangxg/Library/Application Support/JetBrains/Toolbox/apps/IDEA-U/ch-0/212.5457.46/IntelliJ IDEA.app/Contents/lib/idea_rt.jar"/>
    <property name="java.vm.specification.version" value="1.8"/>
    <property name="sun.arch.data.model" value="64"/>
    <property name="java.home" value="/Library/Java/JavaVirtualMachines/jdk1.8.0_301.jdk/Contents/Home/jre"/>
    <property name="sun.java.command" value="org.codehaus.classworlds.Launcher -Didea.version=2021.2.3 install"/>
    <property name="java.specification.vendor" value="Oracle Corporation"/>
    <property name="user.language" value="en"/>
    <property name="awt.toolkit" value="sun.lwawt.macosx.LWCToolkit"/>
    <property name="java.vm.info" value="mixed mode"/>
    <property name="java.version" value="1.8.0_301"/>
    <property name="java.ext.dirs" value="/Users/wangxg/Library/Java/Extensions:/Library/Java/JavaVirtualMachines/jdk1.8.0_301.jdk/Contents/Home/jre/lib/ext:/Library/Java/Extensions:/Network/Library/Java/Extensions:/System/Library/Java/Extensions:/usr/lib/java"/>
    <property name="sun.boot.class.path" value="/Library/Java/JavaVirtualMachines/jdk1.8.0_301.jdk/Contents/Home/jre/lib/resources.jar:/Library/Java/JavaVirtualMachines/jdk1.8.0_301.jdk/Contents/Home/jre/lib/rt.jar:/Library/Java/JavaVirtualMachines/jdk1.8.0_301.jdk/Contents/Home/jre/lib/sunrsasign.jar:/Library/Java/JavaVirtualMachines/jdk1.8.0_301.jdk/Contents/Home/jre/lib/jsse.jar:/Library/Java/JavaVirtualMachines/jdk1.8.0_301.jdk/Contents/Home/jre/lib/jce.jar:/Library/Java/JavaVirtualMachines/jdk1.8.0_301.jdk/Contents/Home/jre/lib/charsets.jar:/Library/Java/JavaVirtualMachines/jdk1.8.0_301.jdk/Contents/Home/jre/lib/jfr.jar:/Library/Java/JavaVirtualMachines/jdk1.8.0_301.jdk/Contents/Home/jre/classes"/>
    <property name="java.vendor" value="Oracle Corporation"/>
    <property name="maven.home" value="/Users/wangxg/Library/Application Support/JetBrains/Toolbox/apps/IDEA-U/ch-0/212.5457.46/IntelliJ IDEA.app/Contents/plugins/maven/lib/maven3"/>
    <property name="file.separator" value="/"/>
    <property name="java.vendor.url.bug" value="http://bugreport.sun.com/bugreport/"/>
    <property name="sun.cpu.endian" value="little"/>
    <property name="sun.io.unicode.encoding" value="UnicodeBig"/>
    <property name="sun.cpu.isalist" value=""/>
  </properties>
  <testcase classname="com.sisyphuswxg.mybatis.UserTest" name="TestDelete" time="1.042"/>
  <testcase classname="com.sisyphuswxg.mybatis.UserTest" name="TestInsert" time="0.12"/>
  <testcase classname="com.sisyphuswxg.mybatis.UserTest" name="testfindBatchAndBatchDetail" time="0.071">
    <error message="Expected one result (or null) to be returned by selectOne(), but found: 2" type="org.apache.ibatis.exceptions.TooManyResultsException">org.apache.ibatis.exceptions.TooManyResultsException: Expected one result (or null) to be returned by selectOne(), but found: 2
	at org.apache.ibatis.session.defaults.DefaultSqlSession.selectOne(DefaultSqlSession.java:80)
	at org.apache.ibatis.session.defaults.DefaultSqlSession.selectOne(DefaultSqlSession.java:70)
	at com.sisyphuswxg.mybatis.UserTest.testfindBatchAndBatchDetail(UserTest.java:198)
	at sun.reflect.NativeMethodAccessorImpl.invoke0(Native Method)
	at sun.reflect.NativeMethodAccessorImpl.invoke(NativeMethodAccessorImpl.java:62)
	at sun.reflect.DelegatingMethodAccessorImpl.invoke(DelegatingMethodAccessorImpl.java:43)
	at java.lang.reflect.Method.invoke(Method.java:498)
	at org.junit.runners.model.FrameworkMethod$1.runReflectiveCall(FrameworkMethod.java:47)
	at org.junit.internal.runners.model.ReflectiveCallable.run(ReflectiveCallable.java:12)
	at org.junit.runners.model.FrameworkMethod.invokeExplosively(FrameworkMethod.java:44)
	at org.junit.internal.runners.statements.InvokeMethod.evaluate(InvokeMethod.java:17)
	at org.junit.runners.ParentRunner.runLeaf(ParentRunner.java:271)
	at org.junit.runners.BlockJUnit4ClassRunner.runChild(BlockJUnit4ClassRunner.java:70)
	at org.junit.runners.BlockJUnit4ClassRunner.runChild(BlockJUnit4ClassRunner.java:50)
	at org.junit.runners.ParentRunner$3.run(ParentRunner.java:238)
	at org.junit.runners.ParentRunner$1.schedule(ParentRunner.java:63)
	at org.junit.runners.ParentRunner.runChildren(ParentRunner.java:236)
	at org.junit.runners.ParentRunner.access$000(ParentRunner.java:53)
	at org.junit.runners.ParentRunner$2.evaluate(ParentRunner.java:229)
	at org.junit.runners.ParentRunner.run(ParentRunner.java:309)
	at org.apache.maven.surefire.junit4.JUnit4Provider.execute(JUnit4Provider.java:252)
	at org.apache.maven.surefire.junit4.JUnit4Provider.executeTestSet(JUnit4Provider.java:141)
	at org.apache.maven.surefire.junit4.JUnit4Provider.invoke(JUnit4Provider.java:112)
	at sun.reflect.NativeMethodAccessorImpl.invoke0(Native Method)
	at sun.reflect.NativeMethodAccessorImpl.invoke(NativeMethodAccessorImpl.java:62)
	at sun.reflect.DelegatingMethodAccessorImpl.invoke(DelegatingMethodAccessorImpl.java:43)
	at java.lang.reflect.Method.invoke(Method.java:498)
	at org.apache.maven.surefire.util.ReflectionUtils.invokeMethodWithArray(ReflectionUtils.java:189)
	at org.apache.maven.surefire.booter.ProviderFactory$ProviderProxy.invoke(ProviderFactory.java:165)
	at org.apache.maven.surefire.booter.ProviderFactory.invokeProvider(ProviderFactory.java:85)
	at org.apache.maven.surefire.booter.ForkedBooter.runSuitesInProcess(ForkedBooter.java:115)
	at org.apache.maven.surefire.booter.ForkedBooter.main(ForkedBooter.java:75)
</error>
    <system-out>DEBUG [main] - Logging initialized using &apos;class org.apache.ibatis.logging.log4j.Log4jImpl&apos; adapter.
DEBUG [main] - Find JAR URL: file:/Users/wangxg/JavaCode/Java_SpringMVC_MyBatis_Learning/MyBatisDemo/target/classes/com/sisyphuswxg/mybatis/po
DEBUG [main] - Not a JAR: file:/Users/wangxg/JavaCode/Java_SpringMVC_MyBatis_Learning/MyBatisDemo/target/classes/com/sisyphuswxg/mybatis/po
DEBUG [main] - Reader entry: Batch.class
DEBUG [main] - Reader entry: BatchCustomer.class
DEBUG [main] - Reader entry: BatchDetail.class
DEBUG [main] - Reader entry: BatchItem.class
DEBUG [main] - Reader entry: Customer.class
DEBUG [main] - Reader entry: FinacialProduct.class
DEBUG [main] - Reader entry: GamePlayer.class
DEBUG [main] - Reader entry: Product.class
DEBUG [main] - Reader entry: User.class
DEBUG [main] - Reader entry: UserInstance.class
DEBUG [main] - Reader entry: UserQueryInfo.class
DEBUG [main] - Listing file:/Users/wangxg/JavaCode/Java_SpringMVC_MyBatis_Learning/MyBatisDemo/target/classes/com/sisyphuswxg/mybatis/po
DEBUG [main] - Find JAR URL: file:/Users/wangxg/JavaCode/Java_SpringMVC_MyBatis_Learning/MyBatisDemo/target/classes/com/sisyphuswxg/mybatis/po/Batch.class
DEBUG [main] - Not a JAR: file:/Users/wangxg/JavaCode/Java_SpringMVC_MyBatis_Learning/MyBatisDemo/target/classes/com/sisyphuswxg/mybatis/po/Batch.class
DEBUG [main] - Reader entry: ����&amp;#0;&amp;#0;&amp;#0;4&amp;#0;?
DEBUG [main] - Find JAR URL: file:/Users/wangxg/JavaCode/Java_SpringMVC_MyBatis_Learning/MyBatisDemo/target/classes/com/sisyphuswxg/mybatis/po/BatchCustomer.class
DEBUG [main] - Not a JAR: file:/Users/wangxg/JavaCode/Java_SpringMVC_MyBatis_Learning/MyBatisDemo/target/classes/com/sisyphuswxg/mybatis/po/BatchCustomer.class
DEBUG [main] - Reader entry: ����&amp;#0;&amp;#0;&amp;#0;4&amp;#0;&amp;#29;
DEBUG [main] - Find JAR URL: file:/Users/wangxg/JavaCode/Java_SpringMVC_MyBatis_Learning/MyBatisDemo/target/classes/com/sisyphuswxg/mybatis/po/BatchDetail.class
DEBUG [main] - Not a JAR: file:/Users/wangxg/JavaCode/Java_SpringMVC_MyBatis_Learning/MyBatisDemo/target/classes/com/sisyphuswxg/mybatis/po/BatchDetail.class
DEBUG [main] - Reader entry: ����&amp;#0;&amp;#0;&amp;#0;4&amp;#0;/
DEBUG [main] - Find JAR URL: file:/Users/wangxg/JavaCode/Java_SpringMVC_MyBatis_Learning/MyBatisDemo/target/classes/com/sisyphuswxg/mybatis/po/BatchItem.class
DEBUG [main] - Not a JAR: file:/Users/wangxg/JavaCode/Java_SpringMVC_MyBatis_Learning/MyBatisDemo/target/classes/com/sisyphuswxg/mybatis/po/BatchItem.class
DEBUG [main] - Reader entry: ����&amp;#0;&amp;#0;&amp;#0;4&amp;#0;G
DEBUG [main] - Find JAR URL: file:/Users/wangxg/JavaCode/Java_SpringMVC_MyBatis_Learning/MyBatisDemo/target/classes/com/sisyphuswxg/mybatis/po/Customer.class
DEBUG [main] - Not a JAR: file:/Users/wangxg/JavaCode/Java_SpringMVC_MyBatis_Learning/MyBatisDemo/target/classes/com/sisyphuswxg/mybatis/po/Customer.class
DEBUG [main] - Reader entry: ����&amp;#0;&amp;#0;&amp;#0;4&amp;#0;&gt;
DEBUG [main] - Find JAR URL: file:/Users/wangxg/JavaCode/Java_SpringMVC_MyBatis_Learning/MyBatisDemo/target/classes/com/sisyphuswxg/mybatis/po/FinacialProduct.class
DEBUG [main] - Not a JAR: file:/Users/wangxg/JavaCode/Java_SpringMVC_MyBatis_Learning/MyBatisDemo/target/classes/com/sisyphuswxg/mybatis/po/FinacialProduct.class
DEBUG [main] - Reader entry: ����&amp;#0;&amp;#0;&amp;#0;4&amp;#0;:
DEBUG [main] - Find JAR URL: file:/Users/wangxg/JavaCode/Java_SpringMVC_MyBatis_Learning/MyBatisDemo/target/classes/com/sisyphuswxg/mybatis/po/GamePlayer.class
DEBUG [main] - Not a JAR: file:/Users/wangxg/JavaCode/Java_SpringMVC_MyBatis_Learning/MyBatisDemo/target/classes/com/sisyphuswxg/mybatis/po/GamePlayer.class
DEBUG [main] - Reader entry: ����&amp;#0;&amp;#0;&amp;#0;4&amp;#0;2
DEBUG [main] - Find JAR URL: file:/Users/wangxg/JavaCode/Java_SpringMVC_MyBatis_Learning/MyBatisDemo/target/classes/com/sisyphuswxg/mybatis/po/Product.class
DEBUG [main] - Not a JAR: file:/Users/wangxg/JavaCode/Java_SpringMVC_MyBatis_Learning/MyBatisDemo/target/classes/com/sisyphuswxg/mybatis/po/Product.class
DEBUG [main] - Reader entry: ����&amp;#0;&amp;#0;&amp;#0;4&amp;#0;-
DEBUG [main] - Find JAR URL: file:/Users/wangxg/JavaCode/Java_SpringMVC_MyBatis_Learning/MyBatisDemo/target/classes/com/sisyphuswxg/mybatis/po/User.class
DEBUG [main] - Not a JAR: file:/Users/wangxg/JavaCode/Java_SpringMVC_MyBatis_Learning/MyBatisDemo/target/classes/com/sisyphuswxg/mybatis/po/User.class
DEBUG [main] - Reader entry: ����&amp;#0;&amp;#0;&amp;#0;4&amp;#0;D
DEBUG [main] - Find JAR URL: file:/Users/wangxg/JavaCode/Java_SpringMVC_MyBatis_Learning/MyBatisDemo/target/classes/com/sisyphuswxg/mybatis/po/UserInstance.class
DEBUG [main] - Not a JAR: file:/Users/wangxg/JavaCode/Java_SpringMVC_MyBatis_Learning/MyBatisDemo/target/classes/com/sisyphuswxg/mybatis/po/UserInstance.class
DEBUG [main] - Reader entry: ����&amp;#0;&amp;#0;&amp;#0;4&amp;#0;&amp;#16;
DEBUG [main] - Find JAR URL: file:/Users/wangxg/JavaCode/Java_SpringMVC_MyBatis_Learning/MyBatisDemo/target/classes/com/sisyphuswxg/mybatis/po/UserQueryInfo.class
DEBUG [main] - Not a JAR: file:/Users/wangxg/JavaCode/Java_SpringMVC_MyBatis_Learning/MyBatisDemo/target/classes/com/sisyphuswxg/mybatis/po/UserQueryInfo.class
DEBUG [main] - Reader entry: ����&amp;#0;&amp;#0;&amp;#0;4&amp;#0;&amp;#24;
DEBUG [main] - Checking to see if class com.sisyphuswxg.mybatis.po.Batch matches criteria [is assignable to Object]
DEBUG [main] - Checking to see if class com.sisyphuswxg.mybatis.po.BatchCustomer matches criteria [is assignable to Object]
DEBUG [main] - Checking to see if class com.sisyphuswxg.mybatis.po.BatchDetail matches criteria [is assignable to Object]
DEBUG [main] - Checking to see if class com.sisyphuswxg.mybatis.po.BatchItem matches criteria [is assignable to Object]
DEBUG [main] - Checking to see if class com.sisyphuswxg.mybatis.po.Customer matches criteria [is assignable to Object]
DEBUG [main] - Checking to see if class com.sisyphuswxg.mybatis.po.FinacialProduct matches criteria [is assignable to Object]
DEBUG [main] - Checking to see if class com.sisyphuswxg.mybatis.po.GamePlayer matches criteria [is assignable to Object]
DEBUG [main] - Checking to see if class com.sisyphuswxg.mybatis.po.Product matches criteria [is assignable to Object]
DEBUG [main] - Checking to see if class com.sisyphuswxg.mybatis.po.User matches criteria [is assignable to Object]
DEBUG [main] - Checking to see if class com.sisyphuswxg.mybatis.po.UserInstance matches criteria [is assignable to Object]
DEBUG [main] - Checking to see if class com.sisyphuswxg.mybatis.po.UserQueryInfo matches criteria [is assignable to Object]
DEBUG [main] - Find JAR URL: file:/Users/wangxg/JavaCode/Java_SpringMVC_MyBatis_Learning/MyBatisDemo/target/classes/com/sisyphuswxg/mybatis/model
DEBUG [main] - Not a JAR: file:/Users/wangxg/JavaCode/Java_SpringMVC_MyBatis_Learning/MyBatisDemo/target/classes/com/sisyphuswxg/mybatis/model
DEBUG [main] - Reader entry: Country.class
DEBUG [main] - Listing file:/Users/wangxg/JavaCode/Java_SpringMVC_MyBatis_Learning/MyBatisDemo/target/classes/com/sisyphuswxg/mybatis/model
DEBUG [main] - Find JAR URL: file:/Users/wangxg/JavaCode/Java_SpringMVC_MyBatis_Learning/MyBatisDemo/target/classes/com/sisyphuswxg/mybatis/model/Country.class
DEBUG [main] - Not a JAR: file:/Users/wangxg/JavaCode/Java_SpringMVC_MyBatis_Learning/MyBatisDemo/target/classes/com/sisyphuswxg/mybatis/model/Country.class
DEBUG [main] - Reader entry: ����&amp;#0;&amp;#0;&amp;#0;4&amp;#0;%
DEBUG [main] - Checking to see if class com.sisyphuswxg.mybatis.model.Country matches criteria [is assignable to Object]
DEBUG [main] - PooledDataSource forcefully closed/removed all connections.
DEBUG [main] - PooledDataSource forcefully closed/removed all connections.
DEBUG [main] - PooledDataSource forcefully closed/removed all connections.
DEBUG [main] - PooledDataSource forcefully closed/removed all connections.
DEBUG [main] - Opening JDBC Connection
DEBUG [main] - Created connection 1219273867.
DEBUG [main] - Setting autocommit to false on JDBC Connection [com.mysql.cj.jdbc.ConnectionImpl@48aca48b]
DEBUG [main] - ==&gt;  Preparing: SELECT BATCH.*, CUSTOMER.username, CUSTOMER.acno, BATCHDETAIL.product_id, BATCHDETAIL.product_num FROM BATCH, CUSTOMER, BATCHDETAIL WHERE BATCH.cus_id = CUSTOMER.cus_id AND BATCHDETAIL.batch_id = BATCH.batch_id
DEBUG [main] - ==&gt; Parameters: 
DEBUG [main] - &lt;==      Total: 5
</system-out>
  </testcase>
  <testcase classname="com.sisyphuswxg.mybatis.UserTest" name="testBatchCustomerToMap" time="0.078"/>
  <testcase classname="com.sisyphuswxg.mybatis.UserTest" name="testGamePlayerInfo" time="0.079"/>
  <testcase classname="com.sisyphuswxg.mybatis.UserTest" name="testBatchCustomer" time="0.075"/>
  <testcase classname="com.sisyphuswxg.mybatis.UserTest" name="Testupdate" time="0.112"/>
  <testcase classname="com.sisyphuswxg.mybatis.UserTest" name="testUserList" time="0.06"/>
  <testcase classname="com.sisyphuswxg.mybatis.UserTest" name="testFindUserList" time="0.089"/>
  <testcase classname="com.sisyphuswxg.mybatis.UserTest" name="TestSelectById" time="0.071"/>
  <testcase classname="com.sisyphuswxg.mybatis.UserTest" name="TestFuzzySearch" time="0.056"/>
</testsuite>